<?xml version="1.0" encoding="UTF-8"?>
<robot generator="Robot 7.2 (Python 3.12.3 on win32)" generated="2025-01-25T14:01:14.580168" rpa="false" schemaversion="5">
<suite id="s1" name="7 Robot Basic" source="C:\Users\Dom\Desktop\python_merito\4 zjazd\7_robot_basic.robot">
<test id="s1-t1" name="Log in wikipedia" line="9">
<kw name="Open Browser" owner="SeleniumLibrary">
<msg time="2025-01-25T14:01:15.030798" level="INFO">Opening browser 'chrome' to base url 'https://pl.wikipedia.org'.</msg>
<arg>https://pl.wikipedia.org</arg>
<arg>chrome</arg>
<doc>Opens a new browser instance to the optional ``url``.</doc>
<status status="PASS" start="2025-01-25T14:01:15.029763" elapsed="5.872175"/>
</kw>
<kw name="Click Element" owner="SeleniumLibrary">
<msg time="2025-01-25T14:01:20.957790" level="INFO">Clicking element 'pt-login-2'.</msg>
<arg>pt-login-2</arg>
<doc>Click the element identified by ``locator``.</doc>
<status status="PASS" start="2025-01-25T14:01:20.956800" elapsed="2.220233"/>
</kw>
<kw name="Sleep" owner="BuiltIn">
<msg time="2025-01-25T14:01:24.177217" level="INFO">Slept 1 second.</msg>
<arg>1</arg>
<doc>Pauses the test executed for the given time.</doc>
<status status="PASS" start="2025-01-25T14:01:23.177033" elapsed="1.000184"/>
</kw>
<kw name="Input Text" owner="SeleniumLibrary">
<msg time="2025-01-25T14:01:24.177217" level="INFO">Typing text 'Kamil' into text field 'wpName1'.</msg>
<arg>wpName1</arg>
<arg>Kamil</arg>
<doc>Types the given ``text`` into the text field identified by ``locator``.</doc>
<status status="PASS" start="2025-01-25T14:01:24.177217" elapsed="0.129647"/>
</kw>
<kw name="Input Text" owner="SeleniumLibrary">
<msg time="2025-01-25T14:01:24.307863" level="INFO">Typing text 'Merito' into text field 'wpPassword1'.</msg>
<arg>wpPassword1</arg>
<arg>Merito</arg>
<doc>Types the given ``text`` into the text field identified by ``locator``.</doc>
<status status="PASS" start="2025-01-25T14:01:24.306864" elapsed="0.143342"/>
</kw>
<kw name="Sleep" owner="BuiltIn">
<msg time="2025-01-25T14:01:25.451464" level="INFO">Slept 1 second.</msg>
<arg>1</arg>
<doc>Pauses the test executed for the given time.</doc>
<status status="PASS" start="2025-01-25T14:01:24.450206" elapsed="1.001258"/>
</kw>
<kw name="Close Browser" owner="SeleniumLibrary">
<doc>Closes the current browser.</doc>
<status status="PASS" start="2025-01-25T14:01:25.451464" elapsed="2.557861"/>
</kw>
<status status="PASS" start="2025-01-25T14:01:15.028766" elapsed="12.980559"/>
</test>
<status status="PASS" start="2025-01-25T14:01:14.582168" elapsed="13.429136"/>
</suite>
<statistics>
<total>
<stat pass="1" fail="0" skip="0">All Tests</stat>
</total>
<tag>
</tag>
<suite>
<stat name="7 Robot Basic" id="s1" pass="1" fail="0" skip="0">7 Robot Basic</stat>
</suite>
</statistics>
<errors>
</errors>
</robot>
